<?xml version="1.0" encoding="UTF-8"?>
<testng-results ignored="0" total="1" passed="1" failed="0" skipped="0">
  <reporter-output>
    <line>
      <![CDATA[Create customer]]>
    </line>
  </reporter-output>
  <suite started-at="2022-05-08T10:58:08 IST" name="Default suite" finished-at="2022-05-08T10:58:08 IST" duration-ms="65">
    <groups>
    </groups>
    <test started-at="2022-05-08T10:58:08 IST" name="Default test" finished-at="2022-05-08T10:58:08 IST" duration-ms="65">
      <class name="com.actitime.testscript.CustomerModule">
        <test-method signature="testCreateCustomer()[pri:0, instance:com.actitime.testscript.CustomerModule@378542de]" started-at="2022-05-08T10:58:08 IST" name="testCreateCustomer" finished-at="2022-05-08T10:58:08 IST" duration-ms="11" status="PASS">
          <reporter-output>
            <line>
              <![CDATA[Create customer]]>
            </line>
          </reporter-output>
        </test-method> <!-- testCreateCustomer -->
      </class> <!-- com.actitime.testscript.CustomerModule -->
    </test> <!-- Default test -->
  </suite> <!-- Default suite -->
</testng-results>
